<?xml version="1.0" encoding="UTF-8"?>
<testsuite xmlns:xsi="http://www.w3.org/2001/XMLSchema-instance" xsi:noNamespaceSchemaLocation="https://maven.apache.org/surefire/maven-surefire-plugin/xsd/surefire-test-report.xsd" version="3.0.2" name="com.example.CSV_Reader.CsvReaderApplicationTests" time="10.359" tests="1" errors="0" skipped="0" failures="0">
  <properties>
[...]
</properties>
  <testcase name="contextLoads" classname="com.example.CSV_Reader.CsvReaderApplicationTests" time="2.809">
    <system-out><![CDATA[14:42:59.565 [main] INFO org.springframework.test.context.support.AnnotationConfigContextLoaderUtils -- Could not detect default configuration classes for test class [com.example.CSV_Reader.CsvReaderApplicationTests]: CsvReaderApplicationTests does not declare any static, non-private, non-final, nested classes annotated with @Configuration.
14:42:59.900 [main] INFO org.springframework.boot.test.context.SpringBootTestContextBootstrapper -- Found @SpringBootConfiguration com.example.CSV_Reader.CsvReaderApplication for test class com.example.CSV_Reader.CsvReaderApplicationTests

  .   ____          _            __ _ _
 /\\ / ___'_ __ _ _(_)_ __  __ _ \ \ \ \
( ( )\___ | '_ | '_| | '_ \/ _` | \ \ \ \
 \\/  ___)| |_)| | | | | || (_| |  ) ) ) )
  '  |____| .__|_| |_|_| |_\__, | / / / /
 =========|_|==============|___/=/_/_/_/

 :: Spring Boot ::                (v3.5.0)

2025-06-18T14:43:01.984+05:30  INFO 30672 --- [CSV_Reader] [           main] c.e.C.CsvReaderApplicationTests          : Starting CsvReaderApplicationTests using Java 17.0.15 with PID 30672 (started by Nilesh.Hupare in C:\Users\Nilesh.Hupare\Desktop\CSV_Reader)
2025-06-18T14:43:01.990+05:30  INFO 30672 --- [CSV_Reader] [           main] c.e.C.CsvReaderApplicationTests          : No active profile set, falling back to 1 default profile: "default"
2025-06-18T14:43:06.652+05:30  INFO 30672 --- [CSV_Reader] [           main] c.e.C.CsvReaderApplicationTests          : Started CsvReaderApplicationTests in 6.174 seconds (process running for 9.185)
]]></system-out>
  </testcase>
</testsuite>